<?xml version="1.0" encoding="UTF-8"?>
<testsuite name="com.geektrust.backend.commands.BalanceCommandTest" tests="1" skipped="0" failures="0" errors="0" timestamp="2024-07-03T17:58:22" hostname="LAPTOP-A6HLTEB2" time="1.034">
  <properties/>
  <testcase name="execute_shouldCreateMetroCard_givenCardNumberAndBalance()" classname="com.geektrust.backend.commands.BalanceCommandTest" time="1.034"/>
  <system-out><![CDATA[]]></system-out>
  <system-err><![CDATA[]]></system-err>
</testsuite>
