<?xml version="1.0" encoding="UTF-8"?>
<testsuite name="com.geektrust.backend.commands.PrintSummaryCommandTest" tests="1" skipped="0" failures="0" errors="0" timestamp="2024-07-03T17:58:23" hostname="LAPTOP-A6HLTEB2" time="0.005">
  <properties/>
  <testcase name="execute_shouldPrintCollectionAndPassengerSummary()" classname="com.geektrust.backend.commands.PrintSummaryCommandTest" time="0.005"/>
  <system-out><![CDATA[]]></system-out>
  <system-err><![CDATA[]]></system-err>
</testsuite>
