<?xml version="1.0" encoding="UTF-8"?>
<testsuite name="com.geektrust.backend.services.StationServiceImplTest" tests="11" skipped="0" failures="0" errors="0" timestamp="2024-07-03T17:58:23" hostname="LAPTOP-A6HLTEB2" time="0.032">
  <properties/>
  <testcase name="getTravelCharge_shouldReturnTravelCharge_GivenPassenger_withJourneyTypeReturn()" classname="com.geektrust.backend.services.StationServiceImplTest" time="0.014"/>
  <testcase name="getTravelCharge_shouldReturnTravelCharge_GivenPassenger_withJourneyTypeSingle()" classname="com.geektrust.backend.services.StationServiceImplTest" time="0.001"/>
  <testcase name="getCollectionSummary_shouldReturnCollectionSummary_givenStation()" classname="com.geektrust.backend.services.StationServiceImplTest" time="0.001"/>
  <testcase name="create_shouldReturnNewStation_IfNotPresent()" classname="com.geektrust.backend.services.StationServiceImplTest" time="0.002"/>
  <testcase name="addPassengerToBoardedList_shouldThrowStationNotFoundException()" classname="com.geektrust.backend.services.StationServiceImplTest" time="0.003"/>
  <testcase name="getPassengerSummary_shouldReturnPassengerSummary_givenStation()" classname="com.geektrust.backend.services.StationServiceImplTest" time="0.001"/>
  <testcase name="collectTravelCharge_shouldAddTravelCharge_toTravelChargeCollection()" classname="com.geektrust.backend.services.StationServiceImplTest" time="0.002"/>
  <testcase name="addPassengerToBoardedList_shouldAddPassengerToBoardedList()" classname="com.geektrust.backend.services.StationServiceImplTest" time="0.002"/>
  <testcase name="create_shouldReturnExistingStation_IfAlreadyPresent()" classname="com.geektrust.backend.services.StationServiceImplTest" time="0.001"/>
  <testcase name="collectServiceFee_shouldAddServiceFee_toServiceFeeCollection()" classname="com.geektrust.backend.services.StationServiceImplTest" time="0.001"/>
  <testcase name="getAllStations_shouldReturnAllStations()" classname="com.geektrust.backend.services.StationServiceImplTest" time="0.001"/>
  <system-out><![CDATA[]]></system-out>
  <system-err><![CDATA[]]></system-err>
</testsuite>
