<?xml version="1.0" encoding="UTF-8"?>
<testsuite name="com.geektrust.backend.services.PassengerServiceImplTest" tests="5" skipped="0" failures="0" errors="0" timestamp="2024-07-03T17:58:23" hostname="LAPTOP-A6HLTEB2" time="0.035">
  <properties/>
  <testcase name="travel_rechargeMetroCardAndMakePayment_IfNoSufficientBalance()" classname="com.geektrust.backend.services.PassengerServiceImplTest" time="0.021"/>
  <testcase name="create_shouldThrowMetroCardNotFoundException()" classname="com.geektrust.backend.services.PassengerServiceImplTest" time="0.003"/>
  <testcase name="travel_makePayment_IfSufficientBalance()" classname="com.geektrust.backend.services.PassengerServiceImplTest" time="0.003"/>
  <testcase name="create_shouldReturnNewPassenger_IfNotPresent()" classname="com.geektrust.backend.services.PassengerServiceImplTest" time="0.003"/>
  <testcase name="create_shouldReturnExistingPassenger_IfAlreadyPresent()" classname="com.geektrust.backend.services.PassengerServiceImplTest" time="0.002"/>
  <system-out><![CDATA[]]></system-out>
  <system-err><![CDATA[]]></system-err>
</testsuite>
