<?xml version="1.0" encoding="UTF-8"?>
<testsuite name="com.geektrust.backend.entities.MetroCardTest" tests="6" skipped="0" failures="0" errors="0" timestamp="2024-07-03T17:58:23" hostname="LAPTOP-A6HLTEB2" time="0.009">
  <properties/>
  <testcase name="deductAmount_shouldDeductAmount_fromMetroCard()" classname="com.geektrust.backend.entities.MetroCardTest" time="0.0"/>
  <testcase name="addAmount_shouldAddAmount_toMetroCard()" classname="com.geektrust.backend.entities.MetroCardTest" time="0.001"/>
  <testcase name="hasSufficientBalance_shouldReturnFalse_GivenAmount()" classname="com.geektrust.backend.entities.MetroCardTest" time="0.001"/>
  <testcase name="deductAmount_shouldThrowInvalidAmountException_GivenInvalidAmount()" classname="com.geektrust.backend.entities.MetroCardTest" time="0.001"/>
  <testcase name="addAmount_shouldThrowInvalidAmountException_GivenInvalidAmount()" classname="com.geektrust.backend.entities.MetroCardTest" time="0.0"/>
  <testcase name="hasSufficientBalance_shouldReturnTrue_GivenAmount()" classname="com.geektrust.backend.entities.MetroCardTest" time="0.001"/>
  <system-out><![CDATA[]]></system-out>
  <system-err><![CDATA[]]></system-err>
</testsuite>
