<?xml version="1.0" encoding="UTF-8"?>
<testsuite name="com.geektrust.backend.entities.PassengerTest" tests="4" skipped="0" failures="0" errors="0" timestamp="2024-07-03T17:58:23" hostname="LAPTOP-A6HLTEB2" time="0.007">
  <properties/>
  <testcase name="updateJourneyTypeCode_shouldUpdateJourneyTypeCodeToOne_forSecondCall()" classname="com.geektrust.backend.entities.PassengerTest" time="0.001"/>
  <testcase name="updateJourneyTypeCode_shouldUpdateJourneyTypeCodeToZero_forThirdCall()" classname="com.geektrust.backend.entities.PassengerTest" time="0.002"/>
  <testcase name="updateJourneyTypeCode_shouldUpdateJourneyTypeCodeToZero_forFirstCall()" classname="com.geektrust.backend.entities.PassengerTest" time="0.001"/>
  <testcase name="setBoardingStation()" classname="com.geektrust.backend.entities.PassengerTest" time="0.0"/>
  <system-out><![CDATA[]]></system-out>
  <system-err><![CDATA[]]></system-err>
</testsuite>
