<?xml version="1.0" encoding="UTF-8"?>
<testsuite name="com.geektrust.backend.commands.CheckInCommandTest" tests="3" skipped="0" failures="0" errors="0" timestamp="2024-07-03T17:58:23" hostname="LAPTOP-A6HLTEB2" time="0.075">
  <properties/>
  <testcase name="execute_shouldPrintErrorMessage_IfMetroCardNotFound()" classname="com.geektrust.backend.commands.CheckInCommandTest" time="0.069"/>
  <testcase name="execute_shouldPrintErrorMessage_IfStationNotFound()" classname="com.geektrust.backend.commands.CheckInCommandTest" time="0.003"/>
  <testcase name="execute_shouldCreatePassengerAndStation_andDeductAmountFromMetroCard()" classname="com.geektrust.backend.commands.CheckInCommandTest" time="0.003"/>
  <system-out><![CDATA[]]></system-out>
  <system-err><![CDATA[]]></system-err>
</testsuite>
