<?xml version="1.0" encoding="UTF-8"?>
<testsuite name="com.geektrust.backend.AppTest" tests="1" skipped="0" failures="0" errors="0" timestamp="2024-07-03T17:58:22" hostname="LAPTOP-A6HLTEB2" time="0.07">
  <properties/>
  <testcase name="Application_Test()" classname="com.geektrust.backend.AppTest" time="0.07"/>
  <system-out><![CDATA[]]></system-out>
  <system-err><![CDATA[]]></system-err>
</testsuite>
