<?xml version="1.0" encoding="UTF-8"?>
<testsuite name="com.geektrust.backend.services.MetroCardServiceImplTest" tests="4" skipped="0" failures="0" errors="0" timestamp="2024-07-03T17:58:23" hostname="LAPTOP-A6HLTEB2" time="0.026">
  <properties/>
  <testcase name="makePayment_shouldMakePayment_givenTravelCharge()" classname="com.geektrust.backend.services.MetroCardServiceImplTest" time="0.017"/>
  <testcase name="create_shouldReturnNewMetroCard_IfNotPresent()" classname="com.geektrust.backend.services.MetroCardServiceImplTest" time="0.003"/>
  <testcase name="recharge_shouldRechargeMetroCard_givenTravelCharge()" classname="com.geektrust.backend.services.MetroCardServiceImplTest" time="0.002"/>
  <testcase name="create_shouldReturnExistingMetroCard_IfAlreadyPresent()" classname="com.geektrust.backend.services.MetroCardServiceImplTest" time="0.002"/>
  <system-out><![CDATA[]]></system-out>
  <system-err><![CDATA[]]></system-err>
</testsuite>
