<?xml version="1.0" encoding="UTF-8"?>
<testsuite name="com.geektrust.backend.entities.StationTest" tests="5" skipped="0" failures="0" errors="0" timestamp="2024-07-03T17:58:23" hostname="LAPTOP-A6HLTEB2" time="0.005">
  <properties/>
  <testcase name="addPassenger_shouldAddPassenger()" classname="com.geektrust.backend.entities.StationTest" time="0.001"/>
  <testcase name="addDiscount_shouldAddDiscount_toDiscountCollection()" classname="com.geektrust.backend.entities.StationTest" time="0.001"/>
  <testcase name="addServiceFee_shouldAddServiceFee_toServiceFeeCollection()" classname="com.geektrust.backend.entities.StationTest" time="0.001"/>
  <testcase name="getTotalCollection_shouldReturnTotalCollection()" classname="com.geektrust.backend.entities.StationTest" time="0.001"/>
  <testcase name="addTravelCharge_shouldAddTravelCharge_toTravelChargeCollection()" classname="com.geektrust.backend.entities.StationTest" time="0.001"/>
  <system-out><![CDATA[]]></system-out>
  <system-err><![CDATA[]]></system-err>
</testsuite>
